<?xml version="1.0" encoding="UTF-8"?>
<!-- Generated by org.testng.reporters.JUnitXMLReporter -->
<testsuite ignored="0" hostname="DESKTOP-5347VP1" failures="0" tests="1" name="Test1" time="0.429" errors="0" timestamp="2023-01-18T16:06:53 IST">
  <testcase classname="Com.Ecommerce.BaseClass.Ecommerce_Baseclass" name="@BeforeMethod Initialization" time="0.331">
    <failure type="java.lang.IllegalStateException" message="The driver executable must exist: C:\Users\dell\eclipse-workspace\MAVEN1\&amp;quot;E:INSTALLERmsedgedriver.exe&amp;quot;">
      <![CDATA[java.lang.IllegalStateException: The driver executable must exist: C:\Users\dell\eclipse-workspace\MAVEN1\"E:INSTALLERmsedgedriver.exe"
at org.openqa.selenium.internal.Require$FileStateChecker.isFile(Require.java:345)
at org.openqa.selenium.remote.service.DriverService.checkExecutable(DriverService.java:161)
at org.openqa.selenium.remote.service.DriverService.findExecutable(DriverService.java:156)
at org.openqa.selenium.edge.EdgeDriverService.access$000(EdgeDriverService.java:41)
at org.openqa.selenium.edge.EdgeDriverService$Builder.findDefaultExecutable(EdgeDriverService.java:244)
at org.openqa.selenium.remote.service.DriverService$Builder.build(DriverService.java:456)
at org.openqa.selenium.edge.EdgeDriver.<init>(EdgeDriver.java:46)
at org.openqa.selenium.edge.EdgeDriver.<init>(EdgeDriver.java:42)
at Com.Ecommerce.BaseClass.Ecommerce_Baseclass.Initialization(Ecommerce_Baseclass.java:61)
at java.base/java.util.ArrayList.forEach(ArrayList.java:1511)
at java.base/java.util.concurrent.FutureTask.run(FutureTask.java:264)
at java.base/java.util.concurrent.ThreadPoolExecutor.runWorker(ThreadPoolExecutor.java:1136)
at java.base/java.util.concurrent.ThreadPoolExecutor$Worker.run(ThreadPoolExecutor.java:635)
at java.base/java.lang.Thread.run(Thread.java:833)
... Removed 20 stack frames]]>
    </failure>
  </testcase> <!-- @BeforeMethod Initialization -->
  <testcase classname="Com.Ecommerce.BaseClass.Ecommerce_Baseclass" name="@AfterMethod Teardown" time="-1.674038213933E9">
    <skipped/>
  </testcase> <!-- @AfterMethod Teardown -->
  <testcase classname="Com.Ecommerce.Testcases.TC_LoginTestcase" name="LoginTestCase" time="0.0">
    <skipped/>
  </testcase> <!-- LoginTestCase -->
</testsuite> <!-- Test1 -->
