<?xml version="1.0" encoding="UTF-8"?>
<!-- Generated by org.testng.reporters.JUnitXMLReporter -->
<testsuite ignored="2" hostname="DESKTOP-5347VP1" failures="1" tests="24" name="Test" time="269.827" errors="0" timestamp="2023-01-10T22:20:50 IST">
  <testcase classname="TESTNG_KEYWORDS.GROUPS" name="OrangeHRMTitle" time="0.098"/>
  <testcase classname="TESTNG_KEYWORDS.GROUPS" name="OrangeHRMloginlogo" time="1.232"/>
  <testcase classname="TESTNG_KEYWORDS.GROUPS" name="OrangeHRMlogo" time="1.064"/>
  <testcase classname="TESTNG_KEYWORDS.GROUPS" name="Test1" time="0.001"/>
  <testcase classname="TESTNG_KEYWORDS.INVOCATIONCOUNT" name="Demo" time="0.003"/>
  <testcase classname="TESTNG_KEYWORDS.INVOCATIONCOUNT" name="Demo" time="0.002"/>
  <testcase classname="TESTNG_KEYWORDS.INVOCATIONCOUNT" name="Demo" time="0.002"/>
  <testcase classname="TESTNG_KEYWORDS.INVOCATIONCOUNT" name="Demo" time="0.004"/>
  <testcase classname="TESTNG_KEYWORDS.INVOCATIONCOUNT" name="Demo" time="0.003"/>
  <testcase classname="TESTNG_KEYWORDS.INVOCATIONCOUNT" name="Demo" time="0.001"/>
  <testcase classname="TESTNG_KEYWORDS.INVOCATIONCOUNT" name="Demo" time="0.004"/>
  <testcase classname="TESTNG_KEYWORDS.INVOCATIONCOUNT" name="Demo" time="0.001"/>
  <testcase classname="TESTNG_KEYWORDS.INVOCATIONCOUNT" name="Demo" time="0.001"/>
  <testcase classname="TESTNG_KEYWORDS.INVOCATIONCOUNT" name="Demo" time="0.001"/>
  <testcase classname="TESTNG_KEYWORDS.INVOCATIONCOUNT" name="syso1" time="0.001"/>
  <testcase classname="TESTNG_KEYWORDS.KEYWORD1" name="Demo1" time="0.017"/>
  <testcase classname="TESTNG_KEYWORDS.KEYWORD1" name="Test" time="0.92"/>
  <testcase classname="TESTNG_KEYWORDS.KEYWORD1" name="Users" time="21.309">
    <failure type="org.openqa.selenium.NoSuchElementException" message="no such element: Unable to locate element: {&amp;quot;method&amp;quot;:&amp;quot;xpath&amp;quot;,&amp;quot;selector&amp;quot;:&amp;quot;//button[@type=&amp;quot;submi&amp;quot;]&amp;quot;}
  (Session info: chrome=108.0.5359.125)
For documentation on this error, please visit: https://selenium.dev/exceptions/#no_such_element
Build info: version: &amp;apos;4.5.0&amp;apos;, revision: &amp;apos;fe167b119a&amp;apos;
System info: os.name: &amp;apos;Windows 10&amp;apos;, os.arch: &amp;apos;amd64&amp;apos;, os.version: &amp;apos;10.0&amp;apos;, java.version: &amp;apos;18.0.2&amp;apos;
Driver info: org.openqa.selenium.chrome.ChromeDriver
Command: [ab160f02eaa15a637ac89006c5b67400, findElement {using=xpath, value=//button[@type=&amp;quot;submi&amp;quot;]}]
Capabilities {acceptInsecureCerts: false, browserName: chrome, browserVersion: 108.0.5359.125, chrome: {chromedriverVersion: 108.0.5359.71 (1e0e3868ee06..., userDataDir: C:\Users\dell\AppData\Local...}, goog:chromeOptions: {debuggerAddress: localhost:51474}, networkConnectionEnabled: false, pageLoadStrategy: normal, platformName: WINDOWS, proxy: Proxy(), se:cdp: ws://localhost:51474/devtoo..., se:cdpVersion: 108.0.5359.125, setWindowRect: true, strictFileInteractability: false, timeouts: {implicit: 0, pageLoad: 300000, script: 30000}, unhandledPromptBehavior: dismiss and notify, webauthn:extension:credBlob: true, webauthn:extension:largeBlob: true, webauthn:virtualAuthenticators: true}
Session ID: ab160f02eaa15a637ac89006c5b67400">
      <![CDATA[org.openqa.selenium.NoSuchElementException: no such element: Unable to locate element: {"method":"xpath","selector":"//button[@type="submi"]"}
  (Session info: chrome=108.0.5359.125)
For documentation on this error, please visit: https://selenium.dev/exceptions/#no_such_element
Build info: version: '4.5.0', revision: 'fe167b119a'
System info: os.name: 'Windows 10', os.arch: 'amd64', os.version: '10.0', java.version: '18.0.2'
Driver info: org.openqa.selenium.chrome.ChromeDriver
Command: [ab160f02eaa15a637ac89006c5b67400, findElement {using=xpath, value=//button[@type="submi"]}]
Capabilities {acceptInsecureCerts: false, browserName: chrome, browserVersion: 108.0.5359.125, chrome: {chromedriverVersion: 108.0.5359.71 (1e0e3868ee06..., userDataDir: C:\Users\dell\AppData\Local...}, goog:chromeOptions: {debuggerAddress: localhost:51474}, networkConnectionEnabled: false, pageLoadStrategy: normal, platformName: WINDOWS, proxy: Proxy(), se:cdp: ws://localhost:51474/devtoo..., se:cdpVersion: 108.0.5359.125, setWindowRect: true, strictFileInteractability: false, timeouts: {implicit: 0, pageLoad: 300000, script: 30000}, unhandledPromptBehavior: dismiss and notify, webauthn:extension:credBlob: true, webauthn:extension:largeBlob: true, webauthn:virtualAuthenticators: true}
Session ID: ab160f02eaa15a637ac89006c5b67400
at org.openqa.selenium.remote.codec.w3c.W3CHttpResponseCodec.createException(W3CHttpResponseCodec.java:200)
at org.openqa.selenium.remote.codec.w3c.W3CHttpResponseCodec.decode(W3CHttpResponseCodec.java:133)
at org.openqa.selenium.remote.codec.w3c.W3CHttpResponseCodec.decode(W3CHttpResponseCodec.java:53)
at org.openqa.selenium.remote.HttpCommandExecutor.execute(HttpCommandExecutor.java:184)
at org.openqa.selenium.remote.service.DriverCommandExecutor.invokeExecute(DriverCommandExecutor.java:167)
at org.openqa.selenium.remote.service.DriverCommandExecutor.execute(DriverCommandExecutor.java:142)
at org.openqa.selenium.remote.RemoteWebDriver.execute(RemoteWebDriver.java:547)
at org.openqa.selenium.remote.ElementLocation$ElementFinder$2.findElement(ElementLocation.java:162)
at org.openqa.selenium.remote.ElementLocation.findElement(ElementLocation.java:60)
at org.openqa.selenium.remote.RemoteWebDriver.findElement(RemoteWebDriver.java:365)
at org.openqa.selenium.remote.RemoteWebDriver.findElement(RemoteWebDriver.java:357)
at TESTNG_KEYWORDS.KEYWORD1.Users(KEYWORD1.java:27)
at java.base/java.util.ArrayList.forEach(ArrayList.java:1511)
... Removed 28 stack frames]]>
    </failure>
  </testcase> <!-- Users -->
  <testcase classname="TESTNG_KEYWORDS.PRIORITY" name="Logo1" time="0.001"/>
  <testcase classname="TESTNG_KEYWORDS.PRIORITY" name="Test" time="1.766"/>
  <testcase classname="TESTNG_KEYWORDS.PRIORITY" name="Users" time="1.63"/>
  <testcase classname="TESTNG_KEYWORDS.PRIORITY" name="demo1" time="0.008"/>
  <testcase classname="TESTNG_KEYWORDS.PRIORITY" name="Logo3" time="0.001"/>
  <testcase classname="TESTNG_KEYWORDS.PRIORITY" name="Logo2" time="0.001"/>
  <testcase classname="TESTNG_KEYWORDS.GROUPS" name="Dashboard" time="0.0">
    <ignored/>
  </testcase> <!-- Dashboard -->
  <testcase classname="TESTNG_KEYWORDS.GROUPS" name="Dashboardtimeatwork" time="0.0">
    <ignored/>
  </testcase> <!-- Dashboardtimeatwork -->
</testsuite> <!-- Test -->
