<html>
<head>
<title>TestNG:  Test</title>
<link href="../testng.css" rel="stylesheet" type="text/css" />
<link href="../my-testng.css" rel="stylesheet" type="text/css" />

<style type="text/css">
.log { display: none;} 
.stack-trace { display: none;} 
</style>
<script type="text/javascript">
<!--
function flip(e) {
  current = e.style.display;
  if (current == 'block') {
    e.style.display = 'none';
    return 0;
  }
  else {
    e.style.display = 'block';
    return 1;
  }
}

function toggleBox(szDivId, elem, msg1, msg2)
{
  var res = -1;  if (document.getElementById) {
    res = flip(document.getElementById(szDivId));
  }
  else if (document.all) {
    // this is the way old msie versions work
    res = flip(document.all[szDivId]);
  }
  if(elem) {
    if(res == 0) elem.innerHTML = msg1; else elem.innerHTML = msg2;
  }

}

function toggleAllBoxes() {
  if (document.getElementsByTagName) {
    d = document.getElementsByTagName('div');
    for (i = 0; i < d.length; i++) {
      if (d[i].className == 'log') {
        flip(d[i]);
      }
    }
  }
}

// -->
</script>

</head>
<body>
<h2 align='center'>Test</h2><table border='1' align="center">
<tr>
<td>Tests passed/Failed/Skipped:</td><td>23/1/0</td>
</tr><tr>
<td>Started on:</td><td>Tue Jan 10 22:16:16 IST 2023</td>
</tr>
<tr><td>Total time:</td><td>269 seconds (269827 ms)</td>
</tr><tr>
<td>Included groups:</td><td></td>
</tr><tr>
<td>Excluded groups:</td><td></td>
</tr>
</table><p/>
<small><i>(Hover the method name to see the test class name)</i></small><p/>
<table width='100%' border='1' class='invocation-failed'>
<tr><td colspan='4' align='center'><b>FAILED TESTS</b></td></tr>
<tr><td><b>Test method</b></td>
<td width="30%"><b>Exception</b></td>
<td width="10%"><b>Time (seconds)</b></td>
<td><b>Instance</b></td>
</tr>
<tr>
<td title='TESTNG_KEYWORDS.KEYWORD1.Users()'><b>Users</b><br>Test class: TESTNG_KEYWORDS.KEYWORD1</td>
<td><div><pre>org.openqa.selenium.NoSuchElementException: no such element: Unable to locate element: {&quot;method&quot;:&quot;xpath&quot;,&quot;selector&quot;:&quot;//button[@type=&quot;submi&quot;]&quot;}
  (Session info: chrome=108.0.5359.125)
For documentation on this error, please visit: https://selenium.dev/exceptions/#no_such_element
Build info: version: &apos;4.5.0&apos;, revision: &apos;fe167b119a&apos;
System info: os.name: &apos;Windows 10&apos;, os.arch: &apos;amd64&apos;, os.version: &apos;10.0&apos;, java.version: &apos;18.0.2&apos;
Driver info: org.openqa.selenium.chrome.ChromeDriver
Command: [ab160f02eaa15a637ac89006c5b67400, findElement {using=xpath, value=//button[@type=&quot;submi&quot;]}]
Capabilities {acceptInsecureCerts: false, browserName: chrome, browserVersion: 108.0.5359.125, chrome: {chromedriverVersion: 108.0.5359.71 (1e0e3868ee06..., userDataDir: C:\Users\dell\AppData\Local...}, goog:chromeOptions: {debuggerAddress: localhost:51474}, networkConnectionEnabled: false, pageLoadStrategy: normal, platformName: WINDOWS, proxy: Proxy(), se:cdp: ws://localhost:51474/devtoo..., se:cdpVersion: 108.0.5359.125, setWindowRect: true, strictFileInteractability: false, timeouts: {implicit: 0, pageLoad: 300000, script: 30000}, unhandledPromptBehavior: dismiss and notify, webauthn:extension:credBlob: true, webauthn:extension:largeBlob: true, webauthn:virtualAuthenticators: true}
Session ID: ab160f02eaa15a637ac89006c5b67400
	at org.openqa.selenium.remote.codec.w3c.W3CHttpResponseCodec.createException(W3CHttpResponseCodec.java:200)
	at org.openqa.selenium.remote.codec.w3c.W3CHttpResponseCodec.decode(W3CHttpResponseCodec.java:133)
	at org.openqa.selenium.remote.codec.w3c.W3CHttpResponseCodec.decode(W3CHttpResponseCodec.java:53)
	at org.openqa.selenium.remote.HttpCommandExecutor.execute(HttpCommandExecutor.java:184)
	at org.openqa.selenium.remote.service.DriverCommandExecutor.invokeExecute(DriverCommandExecutor.java:167)
	at org.openqa.selenium.remote.service.DriverCommandExecutor.execute(DriverCommandExecutor.java:142)
	at org.openqa.selenium.remote.RemoteWebDriver.execute(RemoteWebDriver.java:547)
	at org.openqa.selenium.remote.ElementLocation$ElementFinder$2.findElement(ElementLocation.java:162)
	at org.openqa.selenium.remote.ElementLocation.findElement(ElementLocation.java:60)
	at org.openqa.selenium.remote.RemoteWebDriver.findElement(RemoteWebDriver.java:365)
	at org.openqa.selenium.remote.RemoteWebDriver.findElement(RemoteWebDriver.java:357)
	at TESTNG_KEYWORDS.KEYWORD1.Users(KEYWORD1.java:27)
	at java.base/java.util.ArrayList.forEach(ArrayList.java:1511)
... Removed 28 stack frames</pre></div><a href='#' onClick='toggleBox("stack-trace1728897841", this, "Click to show all stack frames", "Click to hide stack frames")'>Click to show all stack frames</a>
<div class='stack-trace' id='stack-trace1728897841'><pre>org.openqa.selenium.NoSuchElementException: no such element: Unable to locate element: {&quot;method&quot;:&quot;xpath&quot;,&quot;selector&quot;:&quot;//button[@type=&quot;submi&quot;]&quot;}
  (Session info: chrome=108.0.5359.125)
For documentation on this error, please visit: https://selenium.dev/exceptions/#no_such_element
Build info: version: &apos;4.5.0&apos;, revision: &apos;fe167b119a&apos;
System info: os.name: &apos;Windows 10&apos;, os.arch: &apos;amd64&apos;, os.version: &apos;10.0&apos;, java.version: &apos;18.0.2&apos;
Driver info: org.openqa.selenium.chrome.ChromeDriver
Command: [ab160f02eaa15a637ac89006c5b67400, findElement {using=xpath, value=//button[@type=&quot;submi&quot;]}]
Capabilities {acceptInsecureCerts: false, browserName: chrome, browserVersion: 108.0.5359.125, chrome: {chromedriverVersion: 108.0.5359.71 (1e0e3868ee06..., userDataDir: C:\Users\dell\AppData\Local...}, goog:chromeOptions: {debuggerAddress: localhost:51474}, networkConnectionEnabled: false, pageLoadStrategy: normal, platformName: WINDOWS, proxy: Proxy(), se:cdp: ws://localhost:51474/devtoo..., se:cdpVersion: 108.0.5359.125, setWindowRect: true, strictFileInteractability: false, timeouts: {implicit: 0, pageLoad: 300000, script: 30000}, unhandledPromptBehavior: dismiss and notify, webauthn:extension:credBlob: true, webauthn:extension:largeBlob: true, webauthn:virtualAuthenticators: true}
Session ID: ab160f02eaa15a637ac89006c5b67400
	at java.base/jdk.internal.reflect.DirectConstructorHandleAccessor.newInstance(DirectConstructorHandleAccessor.java:67)
	at java.base/java.lang.reflect.Constructor.newInstanceWithCaller(Constructor.java:499)
	at java.base/java.lang.reflect.Constructor.newInstance(Constructor.java:483)
	at org.openqa.selenium.remote.codec.w3c.W3CHttpResponseCodec.createException(W3CHttpResponseCodec.java:200)
	at org.openqa.selenium.remote.codec.w3c.W3CHttpResponseCodec.decode(W3CHttpResponseCodec.java:133)
	at org.openqa.selenium.remote.codec.w3c.W3CHttpResponseCodec.decode(W3CHttpResponseCodec.java:53)
	at org.openqa.selenium.remote.HttpCommandExecutor.execute(HttpCommandExecutor.java:184)
	at org.openqa.selenium.remote.service.DriverCommandExecutor.invokeExecute(DriverCommandExecutor.java:167)
	at org.openqa.selenium.remote.service.DriverCommandExecutor.execute(DriverCommandExecutor.java:142)
	at org.openqa.selenium.remote.RemoteWebDriver.execute(RemoteWebDriver.java:547)
	at org.openqa.selenium.remote.ElementLocation$ElementFinder$2.findElement(ElementLocation.java:162)
	at org.openqa.selenium.remote.ElementLocation.findElement(ElementLocation.java:60)
	at org.openqa.selenium.remote.RemoteWebDriver.findElement(RemoteWebDriver.java:365)
	at org.openqa.selenium.remote.RemoteWebDriver.findElement(RemoteWebDriver.java:357)
	at TESTNG_KEYWORDS.KEYWORD1.Users(KEYWORD1.java:27)
	at java.base/jdk.internal.reflect.DirectMethodHandleAccessor.invoke(DirectMethodHandleAccessor.java:104)
	at java.base/java.lang.reflect.Method.invoke(Method.java:577)
	at org.testng.internal.MethodInvocationHelper.invokeMethod(MethodInvocationHelper.java:133)
	at org.testng.internal.TestInvoker.invokeMethod(TestInvoker.java:598)
	at org.testng.internal.TestInvoker.invokeTestMethod(TestInvoker.java:173)
	at org.testng.internal.MethodRunner.runInSequence(MethodRunner.java:46)
	at org.testng.internal.TestInvoker$MethodInvocationAgent.invoke(TestInvoker.java:824)
	at org.testng.internal.TestInvoker.invokeTestMethods(TestInvoker.java:146)
	at org.testng.internal.TestMethodWorker.invokeTestMethods(TestMethodWorker.java:146)
	at org.testng.internal.TestMethodWorker.run(TestMethodWorker.java:128)
	at java.base/java.util.ArrayList.forEach(ArrayList.java:1511)
	at org.testng.TestRunner.privateRun(TestRunner.java:794)
	at org.testng.TestRunner.run(TestRunner.java:596)
	at org.testng.SuiteRunner.runTest(SuiteRunner.java:377)
	at org.testng.SuiteRunner.runSequentially(SuiteRunner.java:371)
	at org.testng.SuiteRunner.privateRun(SuiteRunner.java:332)
	at org.testng.SuiteRunner.run(SuiteRunner.java:276)
	at org.testng.SuiteRunnerWorker.runSuite(SuiteRunnerWorker.java:53)
	at org.testng.SuiteRunnerWorker.run(SuiteRunnerWorker.java:96)
	at org.testng.TestNG.runSuitesSequentially(TestNG.java:1212)
	at org.testng.TestNG.runSuitesLocally(TestNG.java:1134)
	at org.testng.TestNG.runSuites(TestNG.java:1063)
	at org.testng.TestNG.run(TestNG.java:1031)
	at org.testng.remote.AbstractRemoteTestNG.run(AbstractRemoteTestNG.java:115)
	at org.testng.remote.RemoteTestNG.initAndRun(RemoteTestNG.java:251)
	at org.testng.remote.RemoteTestNG.main(RemoteTestNG.java:77)
</pre></div></td>
<td>21</td>
<td>TESTNG_KEYWORDS.KEYWORD1@6a400542</td></tr>
</table><p>
<table width='100%' border='1' class='invocation-passed'>
<tr><td colspan='4' align='center'><b>PASSED TESTS</b></td></tr>
<tr><td><b>Test method</b></td>
<td width="30%"><b>Exception</b></td>
<td width="10%"><b>Time (seconds)</b></td>
<td><b>Instance</b></td>
</tr>
<tr>
<td title='TESTNG_KEYWORDS.GROUPS.OrangeHRMloginlogo()'><b>OrangeHRMloginlogo</b><br>Test class: TESTNG_KEYWORDS.GROUPS</td>
<td></td>
<td>1</td>
<td>TESTNG_KEYWORDS.GROUPS@bef2d72</td></tr>
<tr>
<td title='TESTNG_KEYWORDS.PRIORITY.Logo3()'><b>Logo3</b><br>Test class: TESTNG_KEYWORDS.PRIORITY</td>
<td></td>
<td>0</td>
<td>TESTNG_KEYWORDS.PRIORITY@6580cfdd</td></tr>
<tr>
<td title='TESTNG_KEYWORDS.KEYWORD1.Demo1()'><b>Demo1</b><br>Test class: TESTNG_KEYWORDS.KEYWORD1</td>
<td></td>
<td>0</td>
<td>TESTNG_KEYWORDS.KEYWORD1@6a400542</td></tr>
<tr>
<td title='TESTNG_KEYWORDS.INVOCATIONCOUNT.Demo()'><b>Demo</b><br>Test class: TESTNG_KEYWORDS.INVOCATIONCOUNT</td>
<td></td>
<td>0</td>
<td>TESTNG_KEYWORDS.INVOCATIONCOUNT@654f0d9c</td></tr>
<tr>
<td title='TESTNG_KEYWORDS.PRIORITY.Logo1()'><b>Logo1</b><br>Test class: TESTNG_KEYWORDS.PRIORITY</td>
<td></td>
<td>0</td>
<td>TESTNG_KEYWORDS.PRIORITY@6580cfdd</td></tr>
<tr>
<td title='TESTNG_KEYWORDS.INVOCATIONCOUNT.Demo()'><b>Demo</b><br>Test class: TESTNG_KEYWORDS.INVOCATIONCOUNT</td>
<td></td>
<td>0</td>
<td>TESTNG_KEYWORDS.INVOCATIONCOUNT@654f0d9c</td></tr>
<tr>
<td title='TESTNG_KEYWORDS.INVOCATIONCOUNT.syso1()'><b>syso1</b><br>Test class: TESTNG_KEYWORDS.INVOCATIONCOUNT</td>
<td></td>
<td>0</td>
<td>TESTNG_KEYWORDS.INVOCATIONCOUNT@654f0d9c</td></tr>
<tr>
<td title='TESTNG_KEYWORDS.KEYWORD1.Test()'><b>Test</b><br>Test class: TESTNG_KEYWORDS.KEYWORD1</td>
<td></td>
<td>0</td>
<td>TESTNG_KEYWORDS.KEYWORD1@6a400542</td></tr>
<tr>
<td title='TESTNG_KEYWORDS.GROUPS.Test1()'><b>Test1</b><br>Test class: TESTNG_KEYWORDS.GROUPS</td>
<td></td>
<td>0</td>
<td>TESTNG_KEYWORDS.GROUPS@bef2d72</td></tr>
<tr>
<td title='TESTNG_KEYWORDS.PRIORITY.Logo2()'><b>Logo2</b><br>Test class: TESTNG_KEYWORDS.PRIORITY</td>
<td></td>
<td>0</td>
<td>TESTNG_KEYWORDS.PRIORITY@6580cfdd</td></tr>
<tr>
<td title='TESTNG_KEYWORDS.INVOCATIONCOUNT.Demo()'><b>Demo</b><br>Test class: TESTNG_KEYWORDS.INVOCATIONCOUNT</td>
<td></td>
<td>0</td>
<td>TESTNG_KEYWORDS.INVOCATIONCOUNT@654f0d9c</td></tr>
<tr>
<td title='TESTNG_KEYWORDS.INVOCATIONCOUNT.Demo()'><b>Demo</b><br>Test class: TESTNG_KEYWORDS.INVOCATIONCOUNT</td>
<td></td>
<td>0</td>
<td>TESTNG_KEYWORDS.INVOCATIONCOUNT@654f0d9c</td></tr>
<tr>
<td title='TESTNG_KEYWORDS.INVOCATIONCOUNT.Demo()'><b>Demo</b><br>Test class: TESTNG_KEYWORDS.INVOCATIONCOUNT</td>
<td></td>
<td>0</td>
<td>TESTNG_KEYWORDS.INVOCATIONCOUNT@654f0d9c</td></tr>
<tr>
<td title='TESTNG_KEYWORDS.PRIORITY.demo1()'><b>demo1</b><br>Test class: TESTNG_KEYWORDS.PRIORITY</td>
<td></td>
<td>0</td>
<td>TESTNG_KEYWORDS.PRIORITY@6580cfdd</td></tr>
<tr>
<td title='TESTNG_KEYWORDS.INVOCATIONCOUNT.Demo()'><b>Demo</b><br>Test class: TESTNG_KEYWORDS.INVOCATIONCOUNT</td>
<td></td>
<td>0</td>
<td>TESTNG_KEYWORDS.INVOCATIONCOUNT@654f0d9c</td></tr>
<tr>
<td title='TESTNG_KEYWORDS.PRIORITY.Users()'><b>Users</b><br>Test class: TESTNG_KEYWORDS.PRIORITY</td>
<td></td>
<td>1</td>
<td>TESTNG_KEYWORDS.PRIORITY@6580cfdd</td></tr>
<tr>
<td title='TESTNG_KEYWORDS.INVOCATIONCOUNT.Demo()'><b>Demo</b><br>Test class: TESTNG_KEYWORDS.INVOCATIONCOUNT</td>
<td></td>
<td>0</td>
<td>TESTNG_KEYWORDS.INVOCATIONCOUNT@654f0d9c</td></tr>
<tr>
<td title='TESTNG_KEYWORDS.INVOCATIONCOUNT.Demo()'><b>Demo</b><br>Test class: TESTNG_KEYWORDS.INVOCATIONCOUNT</td>
<td></td>
<td>0</td>
<td>TESTNG_KEYWORDS.INVOCATIONCOUNT@654f0d9c</td></tr>
<tr>
<td title='TESTNG_KEYWORDS.GROUPS.OrangeHRMTitle()'><b>OrangeHRMTitle</b><br>Test class: TESTNG_KEYWORDS.GROUPS</td>
<td></td>
<td>0</td>
<td>TESTNG_KEYWORDS.GROUPS@bef2d72</td></tr>
<tr>
<td title='TESTNG_KEYWORDS.PRIORITY.Test()'><b>Test</b><br>Test class: TESTNG_KEYWORDS.PRIORITY</td>
<td></td>
<td>1</td>
<td>TESTNG_KEYWORDS.PRIORITY@6580cfdd</td></tr>
<tr>
<td title='TESTNG_KEYWORDS.GROUPS.OrangeHRMlogo()'><b>OrangeHRMlogo</b><br>Test class: TESTNG_KEYWORDS.GROUPS</td>
<td></td>
<td>1</td>
<td>TESTNG_KEYWORDS.GROUPS@bef2d72</td></tr>
<tr>
<td title='TESTNG_KEYWORDS.INVOCATIONCOUNT.Demo()'><b>Demo</b><br>Test class: TESTNG_KEYWORDS.INVOCATIONCOUNT</td>
<td></td>
<td>0</td>
<td>TESTNG_KEYWORDS.INVOCATIONCOUNT@654f0d9c</td></tr>
<tr>
<td title='TESTNG_KEYWORDS.INVOCATIONCOUNT.Demo()'><b>Demo</b><br>Test class: TESTNG_KEYWORDS.INVOCATIONCOUNT</td>
<td></td>
<td>0</td>
<td>TESTNG_KEYWORDS.INVOCATIONCOUNT@654f0d9c</td></tr>
</table><p>
</body>
</html>